<?xml version="1.0" encoding="UTF-8"?>
<testsuite name="JUnit Jupiter" tests="11" skipped="0" failures="2" errors="3" time="0.033" hostname="Kazus-MacBook-Air-3.local" timestamp="2025-02-04T12:10:54">
<properties>
[...]
</properties>
<testcase name="fillArrayUpZero(TestReporter)" classname="FirstTest" time="0">
<system-out><![CDATA[
unique-id: [engine:junit-jupiter]/[class:FirstTest]/[method:fillArrayUpZero(org.junit.jupiter.api.TestReporter)]
display-name: fillArray
]]></system-out>
<system-out><![CDATA[
Report Entry #1 (timestamp: 2025-02-04T12:10:54.233255)
	- value: fillArrayUpZero -> passed
]]></system-out>
</testcase>
<testcase name="seekLetterSetOnceSetMethod(TestReporter)" classname="FirstTest" time="0">
<error message="data/no_spoon.txt (No such file or directory)" type="java.io.FileNotFoundException"><![CDATA[java.io.FileNotFoundException: data/no_spoon.txt (No such file or directory)
	at java.base/java.io.FileInputStream.open0(Native Method)
	at java.base/java.io.FileInputStream.open(FileInputStream.java:216)
	at java.base/java.io.FileInputStream.<init>(FileInputStream.java:157)
	at java.base/java.io.FileReader.<init>(FileReader.java:75)
	at First.seekLetter(First.java:48)
	at FirstTest.seekLetterSetOnceSetMethod(FirstTest.java:177)
	at java.base/java.lang.reflect.Method.invoke(Method.java:568)
	at java.base/java.util.ArrayList.forEach(ArrayList.java:1511)
	at java.base/java.util.ArrayList.forEach(ArrayList.java:1511)
]]></error>
<system-out><![CDATA[
unique-id: [engine:junit-jupiter]/[class:FirstTest]/[method:seekLetterSetOnceSetMethod(org.junit.jupiter.api.TestReporter)]
display-name: seekLetter
]]></system-out>
</testcase>
<testcase name="seekLetterSetOnceConstructor(TestReporter)" classname="FirstTest" time="0.001">
<error message="data/no_spoon.txt (No such file or directory)" type="java.io.FileNotFoundException"><![CDATA[java.io.FileNotFoundException: data/no_spoon.txt (No such file or directory)
	at java.base/java.io.FileInputStream.open0(Native Method)
	at java.base/java.io.FileInputStream.open(FileInputStream.java:216)
	at java.base/java.io.FileInputStream.<init>(FileInputStream.java:157)
	at java.base/java.io.FileReader.<init>(FileReader.java:75)
	at First.seekLetter(First.java:48)
	at FirstTest.seekLetterSetOnceConstructor(FirstTest.java:162)
	at java.base/java.lang.reflect.Method.invoke(Method.java:568)
	at java.base/java.util.ArrayList.forEach(ArrayList.java:1511)
	at java.base/java.util.ArrayList.forEach(ArrayList.java:1511)
]]></error>
<system-out><![CDATA[
unique-id: [engine:junit-jupiter]/[class:FirstTest]/[method:seekLetterSetOnceConstructor(org.junit.jupiter.api.TestReporter)]
display-name: seekLetter
]]></system-out>
</testcase>
<testcase name="existingFilenameSet(TestReporter)" classname="FirstTest" time="0">
<failure message="IOException thrown for the no_spoon.txt file, which should exist." type="org.opentest4j.AssertionFailedError"><![CDATA[org.opentest4j.AssertionFailedError: IOException thrown for the no_spoon.txt file, which should exist.
	at org.junit.jupiter.api.AssertionUtils.fail(AssertionUtils.java:38)
	at org.junit.jupiter.api.Assertions.fail(Assertions.java:138)
	at FirstTest.existingFilenameSet(FirstTest.java:106)
	at java.base/java.lang.reflect.Method.invoke(Method.java:568)
	at java.base/java.util.ArrayList.forEach(ArrayList.java:1511)
	at java.base/java.util.ArrayList.forEach(ArrayList.java:1511)
]]></failure>
<system-out><![CDATA[
unique-id: [engine:junit-jupiter]/[class:FirstTest]/[method:existingFilenameSet(org.junit.jupiter.api.TestReporter)]
display-name: filename
]]></system-out>
</testcase>
<testcase name="unsetFilename(TestReporter)" classname="FirstTest" time="0.001">
<system-out><![CDATA[
unique-id: [engine:junit-jupiter]/[class:FirstTest]/[method:unsetFilename(org.junit.jupiter.api.TestReporter)]
display-name: filename
]]></system-out>
<system-out><![CDATA[
Report Entry #1 (timestamp: 2025-02-04T12:10:54.231826)
	- value: unsetFilename -> passed
]]></system-out>
</testcase>
<testcase name="fillArrayUpNonzero(TestReporter)" classname="FirstTest" time="0">
<system-out><![CDATA[
unique-id: [engine:junit-jupiter]/[class:FirstTest]/[method:fillArrayUpNonzero(org.junit.jupiter.api.TestReporter)]
display-name: fillArray
]]></system-out>
<system-out><![CDATA[
Report Entry #1 (timestamp: 2025-02-04T12:10:54.23379)
	- value: fillArrayUpNonzero -> passed
]]></system-out>
</testcase>
<testcase name="fillArrayDownZero(TestReporter)" classname="FirstTest" time="0">
<system-out><![CDATA[
unique-id: [engine:junit-jupiter]/[class:FirstTest]/[method:fillArrayDownZero(org.junit.jupiter.api.TestReporter)]
display-name: fillArray
]]></system-out>
<system-out><![CDATA[
Report Entry #1 (timestamp: 2025-02-04T12:10:54.235546)
	- value: fillArrayDownZero -> passed
]]></system-out>
</testcase>
<testcase name="nonexistingFilename(TestReporter)" classname="FirstTest" time="0">
<system-out><![CDATA[
unique-id: [engine:junit-jupiter]/[class:FirstTest]/[method:nonexistingFilename(org.junit.jupiter.api.TestReporter)]
display-name: filename
]]></system-out>
<system-out><![CDATA[
Report Entry #1 (timestamp: 2025-02-04T12:10:54.236105)
	- value: nonexistingFilename -> passed
]]></system-out>
</testcase>
<testcase name="seekLetterSetTwice(TestReporter)" classname="FirstTest" time="0.009">
<error message="data/no_spoon.txt (No such file or directory)" type="java.io.FileNotFoundException"><![CDATA[java.io.FileNotFoundException: data/no_spoon.txt (No such file or directory)
	at java.base/java.io.FileInputStream.open0(Native Method)
	at java.base/java.io.FileInputStream.open(FileInputStream.java:216)
	at java.base/java.io.FileInputStream.<init>(FileInputStream.java:157)
	at java.base/java.io.FileReader.<init>(FileReader.java:75)
	at First.seekLetter(First.java:48)
	at FirstTest.seekLetterSetTwice(FirstTest.java:192)
	at java.base/java.lang.reflect.Method.invoke(Method.java:568)
	at java.base/java.util.ArrayList.forEach(ArrayList.java:1511)
	at java.base/java.util.ArrayList.forEach(ArrayList.java:1511)
]]></error>
<system-out><![CDATA[
unique-id: [engine:junit-jupiter]/[class:FirstTest]/[method:seekLetterSetTwice(org.junit.jupiter.api.TestReporter)]
display-name: seekLetter
]]></system-out>
</testcase>
<testcase name="existingFilenameConstructor(TestReporter)" classname="FirstTest" time="0.001">
<failure message="IOException thrown for the no_spoon.txt file, which should exist." type="org.opentest4j.AssertionFailedError"><![CDATA[org.opentest4j.AssertionFailedError: IOException thrown for the no_spoon.txt file, which should exist.
	at org.junit.jupiter.api.AssertionUtils.fail(AssertionUtils.java:38)
	at org.junit.jupiter.api.Assertions.fail(Assertions.java:138)
	at FirstTest.existingFilenameConstructor(FirstTest.java:145)
	at java.base/java.lang.reflect.Method.invoke(Method.java:568)
	at java.base/java.util.ArrayList.forEach(ArrayList.java:1511)
	at java.base/java.util.ArrayList.forEach(ArrayList.java:1511)
]]></failure>
<system-out><![CDATA[
unique-id: [engine:junit-jupiter]/[class:FirstTest]/[method:existingFilenameConstructor(org.junit.jupiter.api.TestReporter)]
display-name: filename
]]></system-out>
</testcase>
<testcase name="fillArrayDownNonzero(TestReporter)" classname="FirstTest" time="0">
<system-out><![CDATA[
unique-id: [engine:junit-jupiter]/[class:FirstTest]/[method:fillArrayDownNonzero(org.junit.jupiter.api.TestReporter)]
display-name: fillArray
]]></system-out>
<system-out><![CDATA[
Report Entry #1 (timestamp: 2025-02-04T12:10:54.23912)
	- value: fillArrayDownNonzero -> passed
]]></system-out>
</testcase>
<system-out><![CDATA[
unique-id: [engine:junit-jupiter]
display-name: JUnit Jupiter
]]></system-out>
</testsuite>
